Flutter crash report.
Please report a bug at https://github.com/flutter/flutter/issues.

## command

flutter pub get --no-example

## exception

PathAccessException: PathAccessException: Deletion failed, path = 'D:\my_app\flutter_module_1\.android' (OS Error: The process cannot access the file because it is being used by another process.
, errno = 32)

```
#0      _Directory._deleteSync (dart:io/directory_impl.dart:225:7)
#1      FileSystemEntity.deleteSync (dart:io/file_system_entity.dart:425:7)
#2      ForwardingFileSystemEntity.deleteSync (package:file/src/forwarding/forwarding_file_system_entity.dart:70:16)
#3      ErrorHandlingDirectory.deleteSync.<anonymous closure> (package:flutter_tools/src/base/error_handling_io.dart:451:22)
#4      _runSync (package:flutter_tools/src/base/error_handling_io.dart:552:14)
#5      ErrorHandlingDirectory.deleteSync (package:flutter_tools/src/base/error_handling_io.dart:450:12)
#6      ErrorHandlingFileSystem.deleteIfExists (package:flutter_tools/src/base/error_handling_io.dart:90:14)
#7      AndroidProject._regenerateLibrary (package:flutter_tools/src/project.dart:857:29)
#8      AndroidProject.ensureReadyForPlatformSpecificTooling (package:flutter_tools/src/project.dart:824:13)
#9      FlutterProject.ensureReadyForPlatformSpecificTooling (package:flutter_tools/src/project.dart:378:21)
<asynchronous suspension>
#10     PackagesGetCommand.runCommand (package:flutter_tools/src/commands/packages.dart:395:9)
<asynchronous suspension>
#11     FlutterCommand.run.<anonymous closure> (package:flutter_tools/src/runner/flutter_command.dart:1581:27)
<asynchronous suspension>
#12     AppContext.run.<anonymous closure> (package:flutter_tools/src/base/context.dart:154:19)
<asynchronous suspension>
#13     CommandRunner.runCommand (package:args/command_runner.dart:212:13)
<asynchronous suspension>
#14     FlutterCommandRunner.runCommand.<anonymous closure> (package:flutter_tools/src/runner/flutter_command_runner.dart:503:9)
<asynchronous suspension>
#15     AppContext.run.<anonymous closure> (package:flutter_tools/src/base/context.dart:154:19)
<asynchronous suspension>
#16     FlutterCommandRunner.runCommand (package:flutter_tools/src/runner/flutter_command_runner.dart:438:5)
<asynchronous suspension>
#17     run.<anonymous closure>.<anonymous closure> (package:flutter_tools/runner.dart:98:11)
<asynchronous suspension>
#18     AppContext.run.<anonymous closure> (package:flutter_tools/src/base/context.dart:154:19)
<asynchronous suspension>
#19     main (package:flutter_tools/executable.dart:101:3)
<asynchronous suspension>
```

## flutter doctor

```
[!] Flutter (Channel stable, 3.35.4, on Microsoft Windows [Version 10.0.26100.6725], locale en-US) [2.3s]
    • Flutter version 3.35.4 on channel stable at D:\legalplus.avonpay.in\app\Http\Controllers\Myapp\flutter
    ! The flutter binary is not on your path. Consider adding D:\legalplus.avonpay.in\app\Http\Controllers\Myapp\flutter\bin to your path.
    ! The dart binary is not on your path. Consider adding D:\legalplus.avonpay.in\app\Http\Controllers\Myapp\flutter\bin to your path.
    • Upstream repository https://github.com/flutter/flutter.git
    • Framework revision d693b4b9db (3 weeks ago), 2025-09-16 14:27:41 +0000
    • Engine revision c298091351
    • Dart version 3.9.2
    • DevTools version 2.48.0
    • Feature flags: enable-web, enable-linux-desktop, enable-macos-desktop, enable-windows-desktop, enable-android, enable-ios, cli-animations, enable-lldb-debugging
    • If those were intentional, you can disregard the above warnings; however it is recommended to use "git" directly to perform update checks and upgrades.

[✓] Windows Version (11 Home Single Language 64-bit, 24H2, 2009) [15.1s]

[!] Android toolchain - develop for Android devices (Android SDK version 35.0.0) [3.3s]
    • Android SDK at C:\Users\HP\AppData\Local\Android\sdk
    • Emulator version 35.1.21.0 (build_id 12325540) (CL:N/A)
    ✗ cmdline-tools component is missing.
      Try installing or updating Android Studio.
      Alternatively, download the tools from https://developer.android.com/studio#command-line-tools-only and make sure to set the ANDROID_HOME environment variable.
      See https://developer.android.com/studio/command-line for more details.
    ✗ Android license status unknown.
      Run `flutter doctor --android-licenses` to accept the SDK licenses.
      See https://flutter.dev/to/windows-android-setup for more details.

[✓] Chrome - develop for the web [73ms]
    • Chrome at C:\Program Files\Google\Chrome\Application\chrome.exe

[✗] Visual Studio - develop Windows apps [68ms]
    ✗ Visual Studio not installed; this is necessary to develop Windows apps.
      Download at https://visualstudio.microsoft.com/downloads/.
      Please install the "Desktop development with C++" workload, including all of its default components

[!] Android Studio (not installed) [58ms]
    • Android Studio not found; download from https://developer.android.com/studio/index.html
      (or visit https://flutter.dev/to/windows-android-setup for detailed instructions).

[✓] VS Code, 32-bit edition (version 1.83.1) [57ms]
    • VS Code at C:\Program Files (x86)\Microsoft VS Code
    • Flutter extension version 3.120.0

[✓] Connected device (3 available) [4.1s]
    • Windows (desktop) • windows • windows-x64    • Microsoft Windows [Version 10.0.26100.6725]
    • Chrome (web)      • chrome  • web-javascript • Google Chrome 140.0.7339.208
    • Edge (web)        • edge    • web-javascript • Microsoft Edge 141.0.3537.57

[✓] Network resources [1,579ms]
    • All expected network resources are available.

! Doctor found issues in 4 categories.
```
